2014-10-02 11:10:48 -  - exec CUpdateClient::GetUpdatesList
2014-10-02 11:10:48 -  - exec CUpdateClient::CollectRequestData
2014-10-02 11:10:48 -  - LICENSE_KEY=X&lang=ru&SUPD_VER=14.5.1&VERSION=14.5.3&TYPENC=D&SUPD_STS=1&SUPD_URS=0&SUPD_URSA=1&SUPD_DBS=MYSQL&XE=N&CLIENT_SITE=rinkost.forsagc.tmweb.ru&CHHB=rinkost.forsagc.tmweb.ru&CSAB=127.0.4.60&CANGZIP=Y&CLIENT_PHPVER=5.3.29&stable=Y&bitm_main=14.5.3&bitm_idea=11.5.1&bitm_scale=14.5.1&bitm_currency=14.0.0&bitm_perfmon=14.0.1&bitm_socialnetwork=14.5.3&bitm_photogallery=14.5.2&bitm_advertising=14.0.0&bitm_socialservices=14.0.4&bitm_bizprocdesigner=14.0.0&bitm_report=14.5.0&bitm_subscribe=14.5.0&bitm_iblock=14.5.5&bitm_highloadblock=14.5.0&bitm_eshopapp=14.0.0&bitm_mobileapp=14.0.3&bitm_form=14.0.1&bitm_mail=14.5.0&bitm_vote=14.5.0&bitm_clouds=14.5.0&bitm_security=14.5.2&bitm_im=14.5.1&bitm_bizproc=14.0.2&bitm_search=14.5.0&bitm_statistic=14.5.0&bitm_translate=12.5.0&bitm_webservice=11.5.0&bitm_bitrixcloud=14.5.0&bitm_blog=14.5.0&bitm_compression=14.0.0&bitm_lists=14.5.0&bitm_support=14.0.0&bitm_wiki=14.0.0&bitm_forum=14.5.2&bitm_seo=14.5.0&bitm_workflow=14.5.0&bitm_sale=14.5.6&bitm_calendar=14.0.7&bitm_cluster=14.5.2&bitm_fileman=14.5.2&bitm_learning=14.5.0&bitm_catalog=14.5.6&bitm_pull=14.5.0&bitl_en=&bitl_ru=&bith_ru=&bith_en=&SUPD_SRS=0&SUPD_CMP=Y
2014-10-02 11:10:48 -  - exec CUpdateClient::GetHTTPPage
2014-10-02 11:10:48 -  - TIME GetUpdatesList(request) 0.204 sec
2014-10-02 11:10:48 -  - exec CUpdateClient::ParseServerData
2014-10-02 11:11:49 -  - exec CUpdateClient::GetUpdatesList
2014-10-02 11:11:49 -  - exec CUpdateClient::CollectRequestData
2014-10-02 11:11:49 -  - LICENSE_KEY=X&lang=ru&SUPD_VER=14.5.1&VERSION=14.5.3&TYPENC=D&SUPD_STS=1&SUPD_URS=0&SUPD_URSA=1&SUPD_DBS=MYSQL&XE=N&CLIENT_SITE=rinkost.forsagc.tmweb.ru&CHHB=rinkost.forsagc.tmweb.ru&CSAB=127.0.4.60&CANGZIP=Y&CLIENT_PHPVER=5.3.29&stable=Y&bitm_main=14.5.3&bitm_idea=11.5.1&bitm_scale=14.5.1&bitm_currency=14.0.0&bitm_perfmon=14.0.1&bitm_socialnetwork=14.5.3&bitm_photogallery=14.5.2&bitm_advertising=14.0.0&bitm_socialservices=14.0.4&bitm_bizprocdesigner=14.0.0&bitm_report=14.5.0&bitm_subscribe=14.5.0&bitm_iblock=14.5.5&bitm_highloadblock=14.5.0&bitm_eshopapp=14.0.0&bitm_mobileapp=14.0.3&bitm_form=14.0.1&bitm_mail=14.5.0&bitm_vote=14.5.0&bitm_clouds=14.5.0&bitm_security=14.5.2&bitm_im=14.5.1&bitm_bizproc=14.0.2&bitm_search=14.5.0&bitm_statistic=14.5.0&bitm_translate=12.5.0&bitm_webservice=11.5.0&bitm_bitrixcloud=14.5.0&bitm_blog=14.5.0&bitm_compression=14.0.0&bitm_lists=14.5.0&bitm_support=14.0.0&bitm_wiki=14.0.0&bitm_forum=14.5.2&bitm_seo=14.5.0&bitm_workflow=14.5.0&bitm_sale=14.5.6&bitm_calendar=14.0.7&bitm_cluster=14.5.2&bitm_fileman=14.5.2&bitm_learning=14.5.0&bitm_catalog=14.5.6&bitm_pull=14.5.0&bitl_en=&bitl_ru=&bith_ru=&bith_en=&SUPD_SRS=0&SUPD_CMP=Y
2014-10-02 11:11:49 -  - exec CUpdateClient::GetHTTPPage
2014-10-02 11:11:50 -  - TIME GetUpdatesList(request) 0.205 sec
2014-10-02 11:11:50 -  - exec CUpdateClient::ParseServerData
2014-10-02 11:11:53 -  - exec CUpdateClient::GetUpdatesList
2014-10-02 11:11:53 -  - exec CUpdateClient::CollectRequestData
2014-10-02 11:11:53 -  - LICENSE_KEY=X&lang=ru&SUPD_VER=14.5.1&VERSION=14.5.3&TYPENC=D&SUPD_STS=1&SUPD_URS=0&SUPD_URSA=1&SUPD_DBS=MYSQL&XE=N&CLIENT_SITE=rinkost.forsagc.tmweb.ru&CHHB=rinkost.forsagc.tmweb.ru&CSAB=127.0.4.60&CANGZIP=Y&CLIENT_PHPVER=5.3.29&stable=Y&bitm_main=14.5.3&bitm_idea=11.5.1&bitm_scale=14.5.1&bitm_currency=14.0.0&bitm_perfmon=14.0.1&bitm_socialnetwork=14.5.3&bitm_photogallery=14.5.2&bitm_advertising=14.0.0&bitm_socialservices=14.0.4&bitm_bizprocdesigner=14.0.0&bitm_report=14.5.0&bitm_subscribe=14.5.0&bitm_iblock=14.5.5&bitm_highloadblock=14.5.0&bitm_eshopapp=14.0.0&bitm_mobileapp=14.0.3&bitm_form=14.0.1&bitm_mail=14.5.0&bitm_vote=14.5.0&bitm_clouds=14.5.0&bitm_security=14.5.2&bitm_im=14.5.1&bitm_bizproc=14.0.2&bitm_search=14.5.0&bitm_statistic=14.5.0&bitm_translate=12.5.0&bitm_webservice=11.5.0&bitm_bitrixcloud=14.5.0&bitm_blog=14.5.0&bitm_compression=14.0.0&bitm_lists=14.5.0&bitm_support=14.0.0&bitm_wiki=14.0.0&bitm_forum=14.5.2&bitm_seo=14.5.0&bitm_workflow=14.5.0&bitm_sale=14.5.6&bitm_calendar=14.0.7&bitm_cluster=14.5.2&bitm_fileman=14.5.2&bitm_learning=14.5.0&bitm_catalog=14.5.6&bitm_pull=14.5.0&bitl_en=&bitl_ru=&bith_ru=&bith_en=&SUPD_SRS=0&SUPD_CMP=Y
2014-10-02 11:11:53 -  - exec CUpdateClient::GetHTTPPage
2014-10-02 11:11:53 -  - TIME GetUpdatesList(request) 0.225 sec
2014-10-02 11:11:53 -  - exec CUpdateClient::ParseServerData
2014-10-02 11:12:00 -  - exec CUpdateClient::GetUpdatesList
2014-10-02 11:12:00 -  - exec CUpdateClient::CollectRequestData
2014-10-02 11:12:00 -  - LICENSE_KEY=X&lang=ru&SUPD_VER=14.5.1&VERSION=14.5.3&TYPENC=D&SUPD_STS=1&SUPD_URS=0&SUPD_URSA=1&SUPD_DBS=MYSQL&XE=N&CLIENT_SITE=rinkost.forsagc.tmweb.ru&CHHB=rinkost.forsagc.tmweb.ru&CSAB=127.0.4.60&CANGZIP=Y&CLIENT_PHPVER=5.3.29&stable=Y&bitm_main=14.5.3&bitm_idea=11.5.1&bitm_scale=14.5.1&bitm_currency=14.0.0&bitm_perfmon=14.0.1&bitm_socialnetwork=14.5.3&bitm_photogallery=14.5.2&bitm_advertising=14.0.0&bitm_socialservices=14.0.4&bitm_bizprocdesigner=14.0.0&bitm_report=14.5.0&bitm_subscribe=14.5.0&bitm_iblock=14.5.5&bitm_highloadblock=14.5.0&bitm_eshopapp=14.0.0&bitm_mobileapp=14.0.3&bitm_form=14.0.1&bitm_mail=14.5.0&bitm_vote=14.5.0&bitm_clouds=14.5.0&bitm_security=14.5.2&bitm_im=14.5.1&bitm_bizproc=14.0.2&bitm_search=14.5.0&bitm_statistic=14.5.0&bitm_translate=12.5.0&bitm_webservice=11.5.0&bitm_bitrixcloud=14.5.0&bitm_blog=14.5.0&bitm_compression=14.0.0&bitm_lists=14.5.0&bitm_support=14.0.0&bitm_wiki=14.0.0&bitm_forum=14.5.2&bitm_seo=14.5.0&bitm_workflow=14.5.0&bitm_sale=14.5.6&bitm_calendar=14.0.7&bitm_cluster=14.5.2&bitm_fileman=14.5.2&bitm_learning=14.5.0&bitm_catalog=14.5.6&bitm_pull=14.5.0&bitl_en=&bitl_ru=&bith_ru=&bith_en=&SUPD_SRS=0&SUPD_CMP=Y
2014-10-02 11:12:00 -  - exec CUpdateClient::GetHTTPPage
2014-10-02 11:12:00 -  - TIME GetUpdatesList(request) 0.204 sec
2014-10-02 11:12:00 -  - exec CUpdateClient::ParseServerData
2014-10-02 11:12:03 -  - exec CUpdateClient::UpdateUpdate
2014-10-02 11:12:03 -  - exec CUpdateClient::CollectRequestData
2014-10-02 11:12:03 -  - LICENSE_KEY=X&lang=ru&SUPD_VER=14.5.1&VERSION=14.5.3&TYPENC=D&SUPD_STS=1&SUPD_URS=0&SUPD_URSA=1&SUPD_DBS=MYSQL&XE=N&CLIENT_SITE=rinkost.forsagc.tmweb.ru&CHHB=rinkost.forsagc.tmweb.ru&CSAB=127.0.4.60&CANGZIP=Y&CLIENT_PHPVER=5.3.29&stable=Y&bitm_main=14.5.3&bitm_idea=11.5.1&bitm_scale=14.5.1&bitm_currency=14.0.0&bitm_perfmon=14.0.1&bitm_socialnetwork=14.5.3&bitm_photogallery=14.5.2&bitm_advertising=14.0.0&bitm_socialservices=14.0.4&bitm_bizprocdesigner=14.0.0&bitm_report=14.5.0&bitm_subscribe=14.5.0&bitm_iblock=14.5.5&bitm_highloadblock=14.5.0&bitm_eshopapp=14.0.0&bitm_mobileapp=14.0.3&bitm_form=14.0.1&bitm_mail=14.5.0&bitm_vote=14.5.0&bitm_clouds=14.5.0&bitm_security=14.5.2&bitm_im=14.5.1&bitm_bizproc=14.0.2&bitm_search=14.5.0&bitm_statistic=14.5.0&bitm_translate=12.5.0&bitm_webservice=11.5.0&bitm_bitrixcloud=14.5.0&bitm_blog=14.5.0&bitm_compression=14.0.0&bitm_lists=14.5.0&bitm_support=14.0.0&bitm_wiki=14.0.0&bitm_forum=14.5.2&bitm_seo=14.5.0&bitm_workflow=14.5.0&bitm_sale=14.5.6&bitm_calendar=14.0.7&bitm_cluster=14.5.2&bitm_fileman=14.5.2&bitm_learning=14.5.0&bitm_catalog=14.5.6&bitm_pull=14.5.0&bitl_en=&bitl_ru=&bith_ru=&bith_en=&SUPD_SRS=0&SUPD_CMP=Y&query_type=updateupdate
2014-10-02 11:12:03 -  - exec CUpdateClient::GetHTTPPage
2014-10-02 11:12:06 -  - TIME UpdateUpdate(request) 2.277 sec
2014-10-02 11:12:06 -  - exec CUpdateClient::UnGzipArchive
2014-10-02 11:12:06 -  - TIME UnGzipArchive 0.009 sec
2014-10-02 11:12:06 -  - exec CUpdateClient::ParseServerData
2014-10-02 11:12:06 - CURV - Update updated successfully!
2014-10-02 11:12:06 - UPD_SUCCESS - Update system updated
2014-10-02 11:12:06 -  - exec CUpdateClient::GetUpdatesList
2014-10-02 11:12:06 -  - exec CUpdateClient::CollectRequestData
2014-10-02 11:12:06 -  - LICENSE_KEY=X&lang=ru&SUPD_VER=14.9.2&VERSION=14.5.3&TYPENC=D&SUPD_STS=1&SUPD_URS=0&SUPD_URSA=1&SUPD_DBS=MYSQL&XE=N&CLIENT_SITE=rinkost.forsagc.tmweb.ru&CHHB=rinkost.forsagc.tmweb.ru&CSAB=127.0.4.60&CANGZIP=Y&CLIENT_PHPVER=5.3.29&stable=Y&bitm_main=14.5.3&bitm_idea=11.5.1&bitm_scale=14.5.1&bitm_currency=14.0.0&bitm_perfmon=14.0.1&bitm_socialnetwork=14.5.3&bitm_photogallery=14.5.2&bitm_advertising=14.0.0&bitm_socialservices=14.0.4&bitm_bizprocdesigner=14.0.0&bitm_report=14.5.0&bitm_subscribe=14.5.0&bitm_iblock=14.5.5&bitm_highloadblock=14.5.0&bitm_eshopapp=14.0.0&bitm_mobileapp=14.0.3&bitm_form=14.0.1&bitm_mail=14.5.0&bitm_vote=14.5.0&bitm_clouds=14.5.0&bitm_security=14.5.2&bitm_im=14.5.1&bitm_bizproc=14.0.2&bitm_search=14.5.0&bitm_statistic=14.5.0&bitm_translate=12.5.0&bitm_webservice=11.5.0&bitm_bitrixcloud=14.5.0&bitm_blog=14.5.0&bitm_compression=14.0.0&bitm_lists=14.5.0&bitm_support=14.0.0&bitm_wiki=14.0.0&bitm_forum=14.5.2&bitm_seo=14.5.0&bitm_workflow=14.5.0&bitm_sale=14.5.6&bitm_calendar=14.0.7&bitm_cluster=14.5.2&bitm_fileman=14.5.2&bitm_learning=14.5.0&bitm_catalog=14.5.6&bitm_pull=14.5.0&bitl_en=&bitl_ru=&bith_ru=&bith_en=&SUPD_SRS=0&SUPD_CMP=Y
2014-10-02 11:12:06 -  - exec CUpdateClient::GetHTTPPage
2014-10-02 11:12:06 -  - TIME GetUpdatesList(request) 0.276 sec
2014-10-02 11:12:06 -  - exec CUpdateClient::ParseServerData
2014-10-02 11:12:20 -  - exec CUpdateClient::GetUpdatesList
2014-10-02 11:12:20 -  - exec CUpdateClient::CollectRequestData
2014-10-02 11:12:20 -  - LICENSE_KEY=X&lang=ru&SUPD_VER=14.9.2&VERSION=14.5.3&TYPENC=D&SUPD_STS=1&SUPD_URS=0&SUPD_URSA=1&SUPD_DBS=MYSQL&XE=N&CLIENT_SITE=rinkost.forsagc.tmweb.ru&CHHB=rinkost.forsagc.tmweb.ru&CSAB=127.0.4.60&CANGZIP=Y&CLIENT_PHPVER=5.3.29&stable=Y&bitm_main=14.5.3&bitm_idea=11.5.1&bitm_scale=14.5.1&bitm_currency=14.0.0&bitm_perfmon=14.0.1&bitm_socialnetwork=14.5.3&bitm_photogallery=14.5.2&bitm_advertising=14.0.0&bitm_socialservices=14.0.4&bitm_bizprocdesigner=14.0.0&bitm_report=14.5.0&bitm_subscribe=14.5.0&bitm_iblock=14.5.5&bitm_highloadblock=14.5.0&bitm_eshopapp=14.0.0&bitm_mobileapp=14.0.3&bitm_form=14.0.1&bitm_mail=14.5.0&bitm_vote=14.5.0&bitm_clouds=14.5.0&bitm_security=14.5.2&bitm_im=14.5.1&bitm_bizproc=14.0.2&bitm_search=14.5.0&bitm_statistic=14.5.0&bitm_translate=12.5.0&bitm_webservice=11.5.0&bitm_bitrixcloud=14.5.0&bitm_blog=14.5.0&bitm_compression=14.0.0&bitm_lists=14.5.0&bitm_support=14.0.0&bitm_wiki=14.0.0&bitm_forum=14.5.2&bitm_seo=14.5.0&bitm_workflow=14.5.0&bitm_sale=14.5.6&bitm_calendar=14.0.7&bitm_cluster=14.5.2&bitm_fileman=14.5.2&bitm_learning=14.5.0&bitm_catalog=14.5.6&bitm_pull=14.5.0&bitl_en=&bitl_ru=&bith_ru=&bith_en=&SUPD_SRS=0&SUPD_CMP=Y
2014-10-02 11:12:20 -  - exec CUpdateClient::GetHTTPPage
2014-10-02 11:12:20 -  - TIME GetUpdatesList(request) 0.194 sec
2014-10-02 11:12:20 -  - exec CUpdateClient::ParseServerData
2014-10-02 11:12:25 -  - exec CUpdateClient::GetUpdatesList
2014-10-02 11:12:25 -  - exec CUpdateClient::CollectRequestData
2014-10-02 11:12:25 -  - LICENSE_KEY=X&lang=ru&SUPD_VER=14.9.2&VERSION=14.5.3&TYPENC=D&SUPD_STS=1&SUPD_URS=0&SUPD_URSA=1&SUPD_DBS=MYSQL&XE=N&CLIENT_SITE=rinkost.forsagc.tmweb.ru&CHHB=rinkost.forsagc.tmweb.ru&CSAB=127.0.4.60&CANGZIP=Y&CLIENT_PHPVER=5.3.29&stable=Y&bitm_main=14.5.3&bitm_idea=11.5.1&bitm_scale=14.5.1&bitm_currency=14.0.0&bitm_perfmon=14.0.1&bitm_socialnetwork=14.5.3&bitm_photogallery=14.5.2&bitm_advertising=14.0.0&bitm_socialservices=14.0.4&bitm_bizprocdesigner=14.0.0&bitm_report=14.5.0&bitm_subscribe=14.5.0&bitm_iblock=14.5.5&bitm_highloadblock=14.5.0&bitm_eshopapp=14.0.0&bitm_mobileapp=14.0.3&bitm_form=14.0.1&bitm_mail=14.5.0&bitm_vote=14.5.0&bitm_clouds=14.5.0&bitm_security=14.5.2&bitm_im=14.5.1&bitm_bizproc=14.0.2&bitm_search=14.5.0&bitm_statistic=14.5.0&bitm_translate=12.5.0&bitm_webservice=11.5.0&bitm_bitrixcloud=14.5.0&bitm_blog=14.5.0&bitm_compression=14.0.0&bitm_lists=14.5.0&bitm_support=14.0.0&bitm_wiki=14.0.0&bitm_forum=14.5.2&bitm_seo=14.5.0&bitm_workflow=14.5.0&bitm_sale=14.5.6&bitm_calendar=14.0.7&bitm_cluster=14.5.2&bitm_fileman=14.5.2&bitm_learning=14.5.0&bitm_catalog=14.5.6&bitm_pull=14.5.0&bitl_en=&bitl_ru=&bith_ru=&bith_en=&SUPD_SRS=0&SUPD_CMP=Y
2014-10-02 11:12:25 -  - exec CUpdateClient::GetHTTPPage
2014-10-02 11:12:26 -  - TIME GetUpdatesList(request) 0.224 sec
2014-10-02 11:12:26 -  - exec CUpdateClient::ParseServerData
2014-10-02 11:12:56 -  - exec CUpdateClient::GetUpdatesList
2014-10-02 11:12:56 -  - exec CUpdateClient::CollectRequestData
2014-10-02 11:12:56 -  - LICENSE_KEY=X&lang=ru&SUPD_VER=14.9.2&VERSION=14.5.3&TYPENC=D&SUPD_STS=1&SUPD_URS=0&SUPD_URSA=1&SUPD_DBS=MYSQL&XE=N&CLIENT_SITE=rinkost.forsagc.tmweb.ru&CHHB=rinkost.forsagc.tmweb.ru&CSAB=127.0.4.60&CANGZIP=Y&CLIENT_PHPVER=5.3.29&stable=Y&bitm_main=14.5.3&bitm_idea=11.5.1&bitm_scale=14.5.1&bitm_currency=14.0.0&bitm_perfmon=14.0.1&bitm_socialnetwork=14.5.3&bitm_photogallery=14.5.2&bitm_advertising=14.0.0&bitm_socialservices=14.0.4&bitm_bizprocdesigner=14.0.0&bitm_report=14.5.0&bitm_subscribe=14.5.0&bitm_iblock=14.5.5&bitm_highloadblock=14.5.0&bitm_eshopapp=14.0.0&bitm_mobileapp=14.0.3&bitm_form=14.0.1&bitm_mail=14.5.0&bitm_vote=14.5.0&bitm_clouds=14.5.0&bitm_security=14.5.2&bitm_im=14.5.1&bitm_bizproc=14.0.2&bitm_search=14.5.0&bitm_statistic=14.5.0&bitm_translate=12.5.0&bitm_webservice=11.5.0&bitm_bitrixcloud=14.5.0&bitm_blog=14.5.0&bitm_compression=14.0.0&bitm_lists=14.5.0&bitm_support=14.0.0&bitm_wiki=14.0.0&bitm_forum=14.5.2&bitm_seo=14.5.0&bitm_workflow=14.5.0&bitm_sale=14.5.6&bitm_calendar=14.0.7&bitm_cluster=14.5.2&bitm_fileman=14.5.2&bitm_learning=14.5.0&bitm_catalog=14.5.6&bitm_pull=14.5.0&bitl_en=&bitl_ru=&bith_ru=&bith_en=&SUPD_SRS=0&SUPD_CMP=Y
2014-10-02 11:12:56 -  - exec CUpdateClient::GetHTTPPage
2014-10-02 11:12:56 -  - TIME GetUpdatesList(request) 0.26 sec
2014-10-02 11:12:56 -  - exec CUpdateClient::ParseServerData
2014-10-02 12:06:13 -  - exec CUpdateClient::GetUpdatesList
2014-10-02 12:06:13 -  - exec CUpdateClient::CollectRequestData
2014-10-02 12:06:13 -  - LICENSE_KEY=X&lang=ru&SUPD_VER=14.9.2&VERSION=14.5.3&TYPENC=D&SUPD_STS=1&SUPD_URS=0&SUPD_URSA=1&SUPD_DBS=MYSQL&XE=N&CLIENT_SITE=rinkost.forsagc.tmweb.ru&CHHB=rinkost.forsagc.tmweb.ru&CSAB=127.0.4.60&CANGZIP=Y&CLIENT_PHPVER=5.3.29&stable=Y&bitm_main=14.5.3&bitm_idea=11.5.1&bitm_scale=14.5.1&bitm_currency=14.0.0&bitm_perfmon=14.0.1&bitm_socialnetwork=14.5.3&bitm_photogallery=14.5.2&bitm_advertising=14.0.0&bitm_socialservices=14.0.4&bitm_bizprocdesigner=14.0.0&bitm_report=14.5.0&bitm_subscribe=14.5.0&bitm_iblock=14.5.5&bitm_highloadblock=14.5.0&bitm_eshopapp=14.0.0&bitm_mobileapp=14.0.3&bitm_form=14.0.1&bitm_mail=14.5.0&bitm_vote=14.5.0&bitm_clouds=14.5.0&bitm_security=14.5.2&bitm_im=14.5.1&bitm_bizproc=14.0.2&bitm_search=14.5.0&bitm_statistic=14.5.0&bitm_translate=12.5.0&bitm_webservice=11.5.0&bitm_bitrixcloud=14.5.0&bitm_blog=14.5.0&bitm_compression=14.0.0&bitm_lists=14.5.0&bitm_support=14.0.0&bitm_wiki=14.0.0&bitm_forum=14.5.2&bitm_seo=14.5.0&bitm_workflow=14.5.0&bitm_sale=14.5.6&bitm_calendar=14.0.7&bitm_cluster=14.5.2&bitm_fileman=14.5.2&bitm_learning=14.5.0&bitm_catalog=14.5.6&bitm_pull=14.5.0&bitl_en=&bitl_ru=&bith_ru=&bith_en=&SUPD_SRS=0&SUPD_CMP=Y
2014-10-02 12:06:13 -  - exec CUpdateClient::GetHTTPPage
2014-10-02 12:06:14 -  - TIME GetUpdatesList(request) 0.269 sec
2014-10-02 12:06:14 -  - exec CUpdateClient::ParseServerData
2014-10-03 12:18:26 -  - exec CUpdateClient::GetUpdatesList
2014-10-03 12:18:26 -  - exec CUpdateClient::CollectRequestData
2014-10-03 12:18:26 -  - LICENSE_KEY=X&lang=ru&SUPD_VER=14.9.2&VERSION=14.5.3&TYPENC=D&SUPD_STS=1&SUPD_URS=0&SUPD_URSA=1&SUPD_DBS=MYSQL&XE=N&CLIENT_SITE=rinkost.forsagc.tmweb.ru&CHHB=rinkost.forsagc.tmweb.ru&CSAB=127.0.4.60&CANGZIP=Y&CLIENT_PHPVER=5.3.29&stable=Y&bitm_main=14.5.3&bitm_idea=11.5.1&bitm_scale=14.5.1&bitm_currency=14.0.0&bitm_perfmon=14.0.1&bitm_socialnetwork=14.5.3&bitm_photogallery=14.5.2&bitm_advertising=14.0.0&bitm_socialservices=14.0.4&bitm_bizprocdesigner=14.0.0&bitm_report=14.5.0&bitm_subscribe=14.5.0&bitm_iblock=14.5.5&bitm_highloadblock=14.5.0&bitm_eshopapp=14.0.0&bitm_mobileapp=14.0.3&bitm_form=14.0.1&bitm_mail=14.5.0&bitm_vote=14.5.0&bitm_clouds=14.5.0&bitm_security=14.5.2&bitm_im=14.5.1&bitm_bizproc=14.0.2&bitm_search=14.5.0&bitm_statistic=14.5.0&bitm_translate=12.5.0&bitm_webservice=11.5.0&bitm_bitrixcloud=14.5.0&bitm_blog=14.5.0&bitm_compression=14.0.0&bitm_lists=14.5.0&bitm_support=14.0.0&bitm_wiki=14.0.0&bitm_forum=14.5.2&bitm_seo=14.5.0&bitm_workflow=14.5.0&bitm_sale=14.5.6&bitm_calendar=14.0.7&bitm_cluster=14.5.2&bitm_fileman=14.5.2&bitm_learning=14.5.0&bitm_catalog=14.5.6&bitm_pull=14.5.0&bitl_en=&bitl_ru=&bith_ru=&bith_en=&SUPD_SRS=0&SUPD_CMP=Y
2014-10-03 12:18:26 -  - exec CUpdateClient::GetHTTPPage
2014-10-03 12:18:26 -  - TIME GetUpdatesList(request) 0.313 sec
2014-10-03 12:18:26 -  - exec CUpdateClient::ParseServerData
2014-10-03 14:13:44 -  - exec CUpdateClient::GetUpdatesList
2014-10-03 14:13:44 -  - exec CUpdateClient::CollectRequestData
2014-10-03 14:13:44 -  - LICENSE_KEY=X&lang=ru&SUPD_VER=14.9.2&VERSION=14.5.3&TYPENC=D&SUPD_STS=1&SUPD_URS=0&SUPD_URSA=1&SUPD_DBS=MYSQL&XE=N&CLIENT_SITE=rinkost.forsagc.tmweb.ru&CHHB=rinkost.forsagc.tmweb.ru&CSAB=127.0.4.60&CANGZIP=Y&CLIENT_PHPVER=5.3.29&stable=Y&bitm_main=14.5.3&bitm_idea=11.5.1&bitm_scale=14.5.1&bitm_currency=14.0.0&bitm_perfmon=14.0.1&bitm_socialnetwork=14.5.3&bitm_photogallery=14.5.2&bitm_advertising=14.0.0&bitm_socialservices=14.0.4&bitm_bizprocdesigner=14.0.0&bitm_report=14.5.0&bitm_subscribe=14.5.0&bitm_iblock=14.5.5&bitm_highloadblock=14.5.0&bitm_eshopapp=14.0.0&bitm_mobileapp=14.0.3&bitm_form=14.0.1&bitm_mail=14.5.0&bitm_vote=14.5.0&bitm_clouds=14.5.0&bitm_security=14.5.2&bitm_im=14.5.1&bitm_bizproc=14.0.2&bitm_search=14.5.0&bitm_statistic=14.5.0&bitm_translate=12.5.0&bitm_webservice=11.5.0&bitm_bitrixcloud=14.5.0&bitm_blog=14.5.0&bitm_compression=14.0.0&bitm_lists=14.5.0&bitm_support=14.0.0&bitm_wiki=14.0.0&bitm_forum=14.5.2&bitm_seo=14.5.0&bitm_workflow=14.5.0&bitm_sale=14.5.6&bitm_calendar=14.0.7&bitm_cluster=14.5.2&bitm_fileman=14.5.2&bitm_learning=14.5.0&bitm_catalog=14.5.6&bitm_pull=14.5.0&bitl_en=&bitl_ru=&bith_ru=&bith_en=&SUPD_SRS=0&SUPD_CMP=Y
2014-10-03 14:13:44 -  - exec CUpdateClient::GetHTTPPage
2014-10-03 14:13:44 -  - TIME GetUpdatesList(request) 0.336 sec
2014-10-03 14:13:44 -  - exec CUpdateClient::ParseServerData
